<?xml version="1.0" encoding="UTF-8"?>
<!-- Generated by org.testng.reporters.JUnitReportReporter -->
<testsuite skipped="0" hostname="WKWIN0175206" name="webTests.OpenWingfy" tests="1" failures="0" timestamp="2020-01-24T19:57:50 IST" time="22.197" errors="0">
  <testcase name="openUrl" time="22.197" classname="webTests.OpenWingfy"/>
</testsuite> <!-- webTests.OpenWingfy -->
